<?xml version="1.0" encoding="UTF-8"?>
<!-- Generated by org.testng.reporters.JUnitReportReporter -->
<testsuite hostname="DESKTOP-EQGDIG6" failures="0" tests="2" name="test.UpdateResume" time="19.740" errors="0" timestamp="2025-03-06T13:59:10 IST" skipped="0">
  <testcase classname="test.UpdateResume" name="naukriLogin" time="12.062"/>
  <testcase classname="test.UpdateResume" name="updateNaukriResume" time="7.678"/>
</testsuite> <!-- test.UpdateResume -->
