<?xml version="1.0" encoding="UTF-8"?>
<!-- Generated by org.testng.reporters.JUnitReportReporter -->
<testsuite hostname="DESKTOP-EQGDIG6" failures="0" tests="2" name="test.UpdateResume" time="24.929" errors="0" timestamp="2025-02-20T18:07:41 IST" skipped="0">
  <testcase classname="test.UpdateResume" name="naukriLogin" time="11.863"/>
  <testcase classname="test.UpdateResume" name="updateNaukriResume" time="13.066"/>
</testsuite> <!-- test.UpdateResume -->
