<?xml version="1.0" encoding="UTF-8"?>
<!-- Generated by org.testng.reporters.JUnitReportReporter -->
<testsuite hostname="DESKTOP-EQGDIG6" failures="0" tests="2" name="test.UpdateResume" time="21.596" errors="0" timestamp="2025-07-20T15:29:40 IST" skipped="0">
  <testcase classname="test.UpdateResume" name="naukriLogin" time="12.550"/>
  <testcase classname="test.UpdateResume" name="updateNaukriResume" time="9.046"/>
</testsuite> <!-- test.UpdateResume -->
