<?xml version="1.0" encoding="UTF-8"?>
<!-- Generated by org.testng.reporters.JUnitReportReporter -->
<testsuite hostname="DESKTOP-EQGDIG6" failures="0" tests="6" name="test.UpdateResume" time="58.416" errors="0" timestamp="2025-03-09T13:01:05 IST" skipped="0">
  <testcase classname="test.UpdateResume" name="naukriLogin" time="1.763"/>
  <testcase classname="test.UpdateResume" name="naukriLogin" time="2.885"/>
  <testcase classname="test.UpdateResume" name="naukriLogin" time="24.198"/>
  <testcase classname="test.UpdateResume" name="updateNaukriResume" time="10.531"/>
  <testcase classname="test.UpdateResume" name="updateNaukriResume" time="5.647"/>
  <testcase classname="test.UpdateResume" name="updateNaukriResume" time="13.392"/>
</testsuite> <!-- test.UpdateResume -->
