<?xml version="1.0" encoding="UTF-8"?>
<!-- Generated by org.testng.reporters.JUnitReportReporter -->
<testsuite hostname="DESKTOP-EQGDIG6" failures="0" tests="2" name="test.UpdateResume" time="19.505" errors="0" timestamp="2025-02-20T18:34:40 IST" skipped="0">
  <testcase classname="test.UpdateResume" name="naukriLogin" time="11.949"/>
  <testcase classname="test.UpdateResume" name="updateNaukriResume" time="7.556"/>
</testsuite> <!-- test.UpdateResume -->
